2021-02-07 08:09:03 +0000  Initial pipeline context: <IDEDistributionProcessingPipelineContext: 0x7f8128dd8190; archive(resolved)='<IDEArchive: 0x7f8127f989f0>', distributionTask(resolved)='2', distributionDestination(resolved)='1', distributionMethod(resolved)='<IDEDistributionMethodDevelopmentSigned: 0x7f81922722e0>', team(resolved)='<IDEProvisioningDisambiguatableBasicTeam: 0x7f8127786300; teamID='S33992F5FD', teamName='PAX  Technology, Inc', teamType='Company', username='billieji@paxsz.com', isFreeProvisioningTeam='0'>'>
	Chain (14, self inclusive):
	<IDEDistributionProcessingPipelineContext: 0x7f8128dd8190; archive = '<IDEArchive: 0x7f8127f989f0>', distributionMethod='<IDEDistributionMethodDevelopmentSigned: 0x7f81922722e0>', team='<IDEProvisioningDisambiguatableBasicTeam: 0x7f8127786300; teamID='S33992F5FD', teamName='PAX  Technology, Inc', teamType='Company', username='billieji@paxsz.com', isFreeProvisioningTeam='0'>'>
	<IDEDistributionProcessingPipelineContext: 0x7f81277b5cb0; archive = '<IDEArchive: 0x7f8127f989f0>', distributionMethod='<IDEDistributionMethodDevelopmentSigned: 0x7f81922722e0>', team='<IDEProvisioningDisambiguatableBasicTeam: 0x7f8127786300; teamID='S33992F5FD', teamName='PAX  Technology, Inc', teamType='Company', username='billieji@paxsz.com', isFreeProvisioningTeam='0'>'>
	<IDEDistributionContext: 0x7f8126e683c0; archive = '<IDEArchive: 0x7f8127f989f0>', distributionMethod='<IDEDistributionMethodDevelopmentSigned: 0x7f81922722e0>', team='<IDEProvisioningDisambiguatableBasicTeam: 0x7f8127786300; teamID='S33992F5FD', teamName='PAX  Technology, Inc', teamType='Company', username='billieji@paxsz.com', isFreeProvisioningTeam='0'>'>
	<IDEDistributionContext: 0x7f81287b3c30; archive = '<IDEArchive: 0x7f8127f989f0>', distributionMethod='<IDEDistributionMethodDevelopmentSigned: 0x7f81922722e0>', team='<IDEProvisioningDisambiguatableBasicTeam: 0x7f8127786300; teamID='S33992F5FD', teamName='PAX  Technology, Inc', teamType='Company', username='billieji@paxsz.com', isFreeProvisioningTeam='0'>'>
	<IDEDistributionContext: 0x7f8128df6bd0; archive = '<IDEArchive: 0x7f8127f989f0>', distributionMethod='<IDEDistributionMethodDevelopmentSigned: 0x7f81922722e0>', team='<IDEProvisioningDisambiguatableBasicTeam: 0x7f8127786300; teamID='S33992F5FD', teamName='PAX  Technology, Inc', teamType='Company', username='billieji@paxsz.com', isFreeProvisioningTeam='0'>'>
	<IDEDistributionContext: 0x7f81276aad90; archive = '<IDEArchive: 0x7f8127f989f0>', distributionMethod='<IDEDistributionMethodDevelopmentSigned: 0x7f81922722e0>', team='<IDEProvisioningDisambiguatableBasicTeam: 0x7f8127786300; teamID='S33992F5FD', teamName='PAX  Technology, Inc', teamType='Company', username='billieji@paxsz.com', isFreeProvisioningTeam='0'>'>
	<IDEDistributionContext: 0x7f812878f5c0; archive = '<IDEArchive: 0x7f8127f989f0>', distributionMethod='<IDEDistributionMethodDevelopmentSigned: 0x7f81922722e0>', team='<IDEProvisioningDisambiguatableBasicTeam: 0x7f8127786300; teamID='S33992F5FD', teamName='PAX  Technology, Inc', teamType='Company', username='billieji@paxsz.com', isFreeProvisioningTeam='0'>'>
	<IDEDistributionContext: 0x7f8128eb9980; archive = '<IDEArchive: 0x7f8127f989f0>', distributionMethod='<IDEDistributionMethodDevelopmentSigned: 0x7f81922722e0>', team='<IDEProvisioningDisambiguatableBasicTeam: 0x7f8127786300; teamID='S33992F5FD', teamName='PAX  Technology, Inc', teamType='Company', username='billieji@paxsz.com', isFreeProvisioningTeam='0'>'>
	<IDEDistributionContext: 0x7f8127fd2ba0; archive = '<IDEArchive: 0x7f8127f989f0>', distributionMethod='<IDEDistributionMethodDevelopmentSigned: 0x7f81922722e0>', team='<IDEProvisioningDisambiguatableBasicTeam: 0x7f8127786300; teamID='S33992F5FD', teamName='PAX  Technology, Inc', teamType='Company', username='billieji@paxsz.com', isFreeProvisioningTeam='0'>'>
	<IDEDistributionContext: 0x7f812ca86c90; archive = '<IDEArchive: 0x7f8127f989f0>', distributionMethod='<IDEDistributionMethodDevelopmentSigned: 0x7f81922722e0>', team='(null)'>
	<IDEDistributionContext: 0x7f81278db720; archive = '<IDEArchive: 0x7f8127f989f0>', distributionMethod='<IDEDistributionMethodDevelopmentSigned: 0x7f81922722e0>', team='(null)'>
	<IDEDistributionContext: 0x7f8128e52ad0; archive = '<IDEArchive: 0x7f8127f989f0>', distributionMethod='<IDEDistributionMethodDevelopmentSigned: 0x7f81922722e0>', team='(null)'>
	<IDEDistributionContext: 0x7f8127f231f0; archive = '<IDEArchive: 0x7f8127f989f0>', distributionMethod='<IDEDistributionMethodDevelopmentSigned: 0x7f81922722e0>', team='(null)'>
	<IDEDistributionContext: 0x7f81278f5840; archive = '<IDEArchive: 0x7f8127f989f0>', distributionMethod='(null)', team='(null)'>
</IDEDistributionProcessingPipelineContext: 0x7f8128dd8190>
2021-02-07 08:09:03 +0000  Processing step: IDEDistributionCreateDestRootStep
2021-02-07 08:09:03 +0000  Processing step: IDEDistributionCopyItemStep
2021-02-07 08:09:03 +0000  Running /usr/bin/ditto '-V' '/Users/billie/Library/Developer/Xcode/Archives/2021-02-07/posLinkDemo 2021-2-7, 4.07 PM.xcarchive/Products/Applications/posLinkDemo.app' '/var/folders/rq/qwhfqd3d6q1dz0wc4lzh_1w80000gq/T/XcodeDistPipeline.~~~TqBbbV/Root/Payload/posLinkDemo.app'
2021-02-07 08:09:03 +0000  >>> Copying /Users/billie/Library/Developer/Xcode/Archives/2021-02-07/posLinkDemo 2021-2-7, 4.07 PM.xcarchive/Products/Applications/posLinkDemo.app 
2021-02-07 08:09:03 +0000  copying file ./_CodeSignature/CodeResources ... 
2021-02-07 08:09:03 +0000  20665 bytes for ./_CodeSignature/CodeResources
2021-02-07 08:09:03 +0000  copying file ./posLinkDemo ... 
2021-02-07 08:09:03 +0000  2030000 bytes for ./posLinkDemo
2021-02-07 08:09:03 +0000  copying file ./btDisconnected.png ... 
2021-02-07 08:09:03 +0000  4269 bytes for ./btDisconnected.png
copying file ./SignatureDataViewController.nib ... 
2021-02-07 08:09:03 +0000  5424 bytes for ./SignatureDataViewController.nib
2021-02-07 08:09:03 +0000  copying file ./LineItemDetailVC.nib ... 
2021-02-07 08:09:03 +0000  18881 bytes for ./LineItemDetailVC.nib
copying file ./CommercialCardInfoVC.nib ... 
2021-02-07 08:09:03 +0000  22575 bytes for ./CommercialCardInfoVC.nib
copying file ./AppIcon29x29~ipad.png ... 
2021-02-07 08:09:03 +0000  3266 bytes for ./AppIcon29x29~ipad.png
2021-02-07 08:09:03 +0000  copying file ./ShowReceiptViewController.nib ... 
2021-02-07 08:09:03 +0000  6287 bytes for ./ShowReceiptViewController.nib
2021-02-07 08:09:03 +0000  copying file ./Base.lproj/Main.storyboardc/ssL-EN-PxO-view-e8n-pV-FmN.nib/objects-11.0+.nib ... 
2021-02-07 08:09:03 +0000  33288 bytes for ./Base.lproj/Main.storyboardc/ssL-EN-PxO-view-e8n-pV-FmN.nib/objects-11.0+.nib
copying file ./Base.lproj/Main.storyboardc/ssL-EN-PxO-view-e8n-pV-FmN.nib/runtime.nib ... 
2021-02-07 08:09:03 +0000  33396 bytes for ./Base.lproj/Main.storyboardc/ssL-EN-PxO-view-e8n-pV-FmN.nib/runtime.nib
2021-02-07 08:09:03 +0000  copying file ./Base.lproj/Main.storyboardc/T0u-gi-8Uf-view-e39-63-R3F.nib/objects-11.0+.nib ... 
2021-02-07 08:09:03 +0000  41743 bytes for ./Base.lproj/Main.storyboardc/T0u-gi-8Uf-view-e39-63-R3F.nib/objects-11.0+.nib
copying file ./Base.lproj/Main.storyboardc/T0u-gi-8Uf-view-e39-63-R3F.nib/runtime.nib ... 
2021-02-07 08:09:03 +0000  41738 bytes for ./Base.lproj/Main.storyboardc/T0u-gi-8Uf-view-e39-63-R3F.nib/runtime.nib
2021-02-07 08:09:03 +0000  copying file ./Base.lproj/Main.storyboardc/DpV-sP-8sn-view-irg-WV-AVt.nib/objects-11.0+.nib ... 
2021-02-07 08:09:03 +0000  19320 bytes for ./Base.lproj/Main.storyboardc/DpV-sP-8sn-view-irg-WV-AVt.nib/objects-11.0+.nib
2021-02-07 08:09:03 +0000  copying file ./Base.lproj/Main.storyboardc/DpV-sP-8sn-view-irg-WV-AVt.nib/runtime.nib ... 
2021-02-07 08:09:03 +0000  19447 bytes for ./Base.lproj/Main.storyboardc/DpV-sP-8sn-view-irg-WV-AVt.nib/runtime.nib
2021-02-07 08:09:03 +0000  copying file ./Base.lproj/Main.storyboardc/batchid.nib/objects-11.0+.nib ... 
2021-02-07 08:09:03 +0000  1322 bytes for ./Base.lproj/Main.storyboardc/batchid.nib/objects-11.0+.nib
copying file ./Base.lproj/Main.storyboardc/batchid.nib/runtime.nib ... 
2021-02-07 08:09:03 +0000  1322 bytes for ./Base.lproj/Main.storyboardc/batchid.nib/runtime.nib
2021-02-07 08:09:03 +0000  copying file ./Base.lproj/Main.storyboardc/Main.nib/objects-11.0+.nib ... 
2021-02-07 08:09:03 +0000  1091 bytes for ./Base.lproj/Main.storyboardc/Main.nib/objects-11.0+.nib
copying file ./Base.lproj/Main.storyboardc/Main.nib/runtime.nib ... 
2021-02-07 08:09:03 +0000  1091 bytes for ./Base.lproj/Main.storyboardc/Main.nib/runtime.nib
2021-02-07 08:09:03 +0000  copying file ./Base.lproj/Main.storyboardc/zEc-CZ-PYF-view-qjW-rJ-YjF.nib/objects-11.0+.nib ... 
2021-02-07 08:09:03 +0000  27237 bytes for ./Base.lproj/Main.storyboardc/zEc-CZ-PYF-view-qjW-rJ-YjF.nib/objects-11.0+.nib
copying file ./Base.lproj/Main.storyboardc/zEc-CZ-PYF-view-qjW-rJ-YjF.nib/runtime.nib ... 
2021-02-07 08:09:03 +0000  27261 bytes for ./Base.lproj/Main.storyboardc/zEc-CZ-PYF-view-qjW-rJ-YjF.nib/runtime.nib
2021-02-07 08:09:03 +0000  copying file ./Base.lproj/Main.storyboardc/m1L-iW-E0d-view-a7y-ar-JsS.nib/objects-11.0+.nib ... 
2021-02-07 08:09:03 +0000  8673 bytes for ./Base.lproj/Main.storyboardc/m1L-iW-E0d-view-a7y-ar-JsS.nib/objects-11.0+.nib
2021-02-07 08:09:03 +0000  copying file ./Base.lproj/Main.storyboardc/m1L-iW-E0d-view-a7y-ar-JsS.nib/runtime.nib ... 
2021-02-07 08:09:03 +0000  8673 bytes for ./Base.lproj/Main.storyboardc/m1L-iW-E0d-view-a7y-ar-JsS.nib/runtime.nib
2021-02-07 08:09:03 +0000  copying file ./Base.lproj/Main.storyboardc/UITabBarController-O8a-dt-DSE.nib/objects-11.0+.nib ... 
2021-02-07 08:09:03 +0000  4863 bytes for ./Base.lproj/Main.storyboardc/UITabBarController-O8a-dt-DSE.nib/objects-11.0+.nib
copying file ./Base.lproj/Main.storyboardc/UITabBarController-O8a-dt-DSE.nib/runtime.nib ... 
2021-02-07 08:09:03 +0000  4866 bytes for ./Base.lproj/Main.storyboardc/UITabBarController-O8a-dt-DSE.nib/runtime.nib
2021-02-07 08:09:03 +0000  copying file ./Base.lproj/Main.storyboardc/EIL-hq-EZq-view-Pn9-ez-8PV.nib/objects-11.0+.nib ... 
2021-02-07 08:09:03 +0000  6573 bytes for ./Base.lproj/Main.storyboardc/EIL-hq-EZq-view-Pn9-ez-8PV.nib/objects-11.0+.nib
copying file ./Base.lproj/Main.storyboardc/EIL-hq-EZq-view-Pn9-ez-8PV.nib/runtime.nib ... 
2021-02-07 08:09:03 +0000  6573 bytes for ./Base.lproj/Main.storyboardc/EIL-hq-EZq-view-Pn9-ez-8PV.nib/runtime.nib
2021-02-07 08:09:03 +0000  copying file ./Base.lproj/Main.storyboardc/reportid.nib/objects-11.0+.nib ... 
2021-02-07 08:09:03 +0000  1353 bytes for ./Base.lproj/Main.storyboardc/reportid.nib/objects-11.0+.nib
2021-02-07 08:09:03 +0000  copying file ./Base.lproj/Main.storyboardc/reportid.nib/runtime.nib ... 
2021-02-07 08:09:03 +0000  1353 bytes for ./Base.lproj/Main.storyboardc/reportid.nib/runtime.nib
2021-02-07 08:09:03 +0000  copying file ./Base.lproj/Main.storyboardc/Kwm-UH-s5g-view-fBH-IR-ZOl.nib/objects-11.0+.nib ... 
2021-02-07 08:09:03 +0000  24340 bytes for ./Base.lproj/Main.storyboardc/Kwm-UH-s5g-view-fBH-IR-ZOl.nib/objects-11.0+.nib
2021-02-07 08:09:03 +0000  copying file ./Base.lproj/Main.storyboardc/Kwm-UH-s5g-view-fBH-IR-ZOl.nib/runtime.nib ... 
2021-02-07 08:09:03 +0000  24350 bytes for ./Base.lproj/Main.storyboardc/Kwm-UH-s5g-view-fBH-IR-ZOl.nib/runtime.nib
2021-02-07 08:09:03 +0000  copying file ./Base.lproj/Main.storyboardc/newmanageid.nib/objects-11.0+.nib ... 
2021-02-07 08:09:03 +0000  1385 bytes for ./Base.lproj/Main.storyboardc/newmanageid.nib/objects-11.0+.nib
2021-02-07 08:09:03 +0000  copying file ./Base.lproj/Main.storyboardc/newmanageid.nib/runtime.nib ... 
2021-02-07 08:09:03 +0000  1385 bytes for ./Base.lproj/Main.storyboardc/newmanageid.nib/runtime.nib
2021-02-07 08:09:03 +0000  copying file ./Base.lproj/Main.storyboardc/Info.plist ... 
2021-02-07 08:09:03 +0000  365 bytes for ./Base.lproj/Main.storyboardc/Info.plist
2021-02-07 08:09:03 +0000  copying file ./Base.lproj/ExtDataEditing.storyboardc/ZLu-cn-zcG-view-sNA-wE-iuv.nib ... 
2021-02-07 08:09:03 +0000  3439 bytes for ./Base.lproj/ExtDataEditing.storyboardc/ZLu-cn-zcG-view-sNA-wE-iuv.nib
2021-02-07 08:09:03 +0000  copying file ./Base.lproj/ExtDataEditing.storyboardc/9Zn-1y-RX6-view-vsx-CQ-aKX.nib ... 
2021-02-07 08:09:03 +0000  7468 bytes for ./Base.lproj/ExtDataEditing.storyboardc/9Zn-1y-RX6-view-vsx-CQ-aKX.nib
copying file ./Base.lproj/ExtDataEditing.storyboardc/Info.plist ... 
2021-02-07 08:09:03 +0000  197 bytes for ./Base.lproj/ExtDataEditing.storyboardc/Info.plist
copying file ./Base.lproj/ExtDataEditing.storyboardc/ExtDataEditing.nib ... 
2021-02-07 08:09:03 +0000  2291 bytes for ./Base.lproj/ExtDataEditing.storyboardc/ExtDataEditing.nib
2021-02-07 08:09:03 +0000  copying file ./Base.lproj/LaunchScreen.storyboardc/01J-lp-oVM-view-Ze5-6b-2t3.nib ... 
2021-02-07 08:09:03 +0000  1832 bytes for ./Base.lproj/LaunchScreen.storyboardc/01J-lp-oVM-view-Ze5-6b-2t3.nib
2021-02-07 08:09:03 +0000  copying file ./Base.lproj/LaunchScreen.storyboardc/UIViewController-01J-lp-oVM.nib ... 
2021-02-07 08:09:03 +0000  896 bytes for ./Base.lproj/LaunchScreen.storyboardc/UIViewController-01J-lp-oVM.nib
2021-02-07 08:09:03 +0000  copying file ./Base.lproj/LaunchScreen.storyboardc/Info.plist ... 
2021-02-07 08:09:03 +0000  258 bytes for ./Base.lproj/LaunchScreen.storyboardc/Info.plist
2021-02-07 08:09:03 +0000  copying file ./Assets.car ... 
2021-02-07 08:09:03 +0000  1010495 bytes for ./Assets.car
2021-02-07 08:09:03 +0000  copying file ./posLinkDemo.momd/VersionInfo.plist ... 
2021-02-07 08:09:03 +0000  159 bytes for ./posLinkDemo.momd/VersionInfo.plist
2021-02-07 08:09:03 +0000  copying file ./posLinkDemo.momd/POSLinkDemo.mom ... 
2021-02-07 08:09:03 +0000  513 bytes for ./posLinkDemo.momd/POSLinkDemo.mom
2021-02-07 08:09:03 +0000  copying file ./AppIcon40x40@2x~ipad.png ... 
2021-02-07 08:09:03 +0000  10547 bytes for ./AppIcon40x40@2x~ipad.png
copying file ./AppIcon76x76@2x~ipad.png ... 
2021-02-07 08:09:03 +0000  23657 bytes for ./AppIcon76x76@2x~ipad.png
2021-02-07 08:09:03 +0000  copying file ./AppIcon83.5x83.5@2x~ipad.png ... 
2021-02-07 08:09:03 +0000  27104 bytes for ./AppIcon83.5x83.5@2x~ipad.png
2021-02-07 08:09:03 +0000  copying file ./PassThruDataViewController.nib ... 
2021-02-07 08:09:03 +0000  18678 bytes for ./PassThruDataViewController.nib
2021-02-07 08:09:03 +0000  copying file ./TaxDetailVC.nib ... 
2021-02-07 08:09:03 +0000  12477 bytes for ./TaxDetailVC.nib
copying file ./AppIcon29x29@2x~ipad.png ... 
2021-02-07 08:09:03 +0000  7257 bytes for ./AppIcon29x29@2x~ipad.png
2021-02-07 08:09:03 +0000  copying file ./AppIcon40x40~ipad.png ... 
2021-02-07 08:09:03 +0000  4724 bytes for ./AppIcon40x40~ipad.png
2021-02-07 08:09:03 +0000  copying file ./AppIcon20x20~ipad.png ... 
2021-02-07 08:09:03 +0000  2295 bytes for ./AppIcon20x20~ipad.png
copying file ./embedded.mobileprovision ... 
2021-02-07 08:09:03 +0000  35402 bytes for ./embedded.mobileprovision
2021-02-07 08:09:03 +0000  copying file ./AppIcon20x20@2x~ipad.png ... 
2021-02-07 08:09:03 +0000  4724 bytes for ./AppIcon20x20@2x~ipad.png
copying file ./Info.plist ... 
2021-02-07 08:09:03 +0000  1640 bytes for ./Info.plist
2021-02-07 08:09:03 +0000  copying file ./btConnected.png ... 
2021-02-07 08:09:03 +0000  4931 bytes for ./btConnected.png
2021-02-07 08:09:03 +0000  copying file ./PkgInfo ... 
2021-02-07 08:09:03 +0000  8 bytes for ./PkgInfo
2021-02-07 08:09:03 +0000  copying file ./AppIcon76x76~ipad.png ... 
2021-02-07 08:09:03 +0000  9901 bytes for ./AppIcon76x76~ipad.png
2021-02-07 08:09:03 +0000  /usr/bin/ditto exited with 0
2021-02-07 08:09:03 +0000  Processing step: IDEDistributionEmbedProfileStep
2021-02-07 08:09:03 +0000  Processing step: IDEDistributionInfoPlistStep
2021-02-07 08:09:03 +0000  Skipping step: IDEDistributionInfoPlistStep because it said so
2021-02-07 08:09:03 +0000  Processing step: IDEDistributionAppThinningPlistStep
2021-02-07 08:09:03 +0000  Skipping step: IDEDistributionAppThinningPlistStep because it said so
2021-02-07 08:09:03 +0000  Processing step: IDEDistributionCompileBitcodeStep
2021-02-07 08:09:03 +0000  Skipping step: IDEDistributionCompileBitcodeStep because it said so
2021-02-07 08:09:03 +0000  Processing step: IDEDistributionCodeSlimmingStep
2021-02-07 08:09:03 +0000  Processing step: IDEDistributionCopyBCSymbolMapsStep
2021-02-07 08:09:03 +0000  Skipping step: IDEDistributionCopyBCSymbolMapsStep because it said so
2021-02-07 08:09:03 +0000  Processing step: IDEDistributionSymbolsStep
2021-02-07 08:09:03 +0000  Skipping step: IDEDistributionSymbolsStep because it said so
2021-02-07 08:09:03 +0000  Processing step: IDEDistributionAppThinningStep
2021-02-07 08:09:03 +0000  Skipping step: IDEDistributionAppThinningStep because it said so
2021-02-07 08:09:03 +0000  Processing step: IDEDistributionArchThinningStep
2021-02-07 08:09:03 +0000  Running /Applications/Xcode.app/Contents/Developer/Toolchains/XcodeDefault.xctoolchain/usr/bin/lipo '/var/folders/rq/qwhfqd3d6q1dz0wc4lzh_1w80000gq/T/XcodeDistPipeline.~~~TqBbbV/Root/Payload/posLinkDemo.app/posLinkDemo' '-verify_arch' 'arm64e'
2021-02-07 08:09:03 +0000  /Applications/Xcode.app/Contents/Developer/Toolchains/XcodeDefault.xctoolchain/usr/bin/lipo exited with 1
2021-02-07 08:09:03 +0000  Skipping architecture thinning for item "posLinkDemo" because arch "arm64e" wasn't found
2021-02-07 08:09:03 +0000  Processing step: IDEDistributionODRStep
2021-02-07 08:09:03 +0000  Processing step: IDEDistributionStripXattrsStep
2021-02-07 08:09:03 +0000  Running /usr/bin/xattr '-crs' '/var/folders/rq/qwhfqd3d6q1dz0wc4lzh_1w80000gq/T/XcodeDistPipeline.~~~TqBbbV/Root/Payload/posLinkDemo.app'
2021-02-07 08:09:04 +0000  /usr/bin/xattr exited with 0
2021-02-07 08:09:04 +0000  Processing step: IDEDistributionCodesignStep
2021-02-07 08:09:04 +0000  Entitlements for <IDEDistributionItem: 0x7f8126e98740; bundleID='com.paxsz.posLink', path='<DVTFilePath:0x7f814c38ed20:'/Users/billie/Library/Developer/Xcode/Archives/2021-02-07/posLinkDemo 2021-2-7, 4.07 PM.xcarchive/Products/Applications/posLinkDemo.app'>', codeSigningInfo='<_DVTCodeSigningInformation_Path: 0x7f814376cf60; isSigned='1', isAdHocSigned='0', signingCertificate='<DVTSigningCertificate: 0x7f8127e9e250; name='Apple Development: Billie Ji (2NURYBVPJM)', hash='282A211156384EEE09B694B86E39E5EDE2AD63DC', serialNumber='<DVTSigningCertificateSerialNumber: 0x7f81922c8220>', certificateKinds='(
    "1.2.840.113635.100.6.1.12",
    "1.2.840.113635.100.6.1.2"
), issueDate='2021-01-13 02:43:55 +0000''>', entitlements='{
    "application-identifier" = "S33992F5FD.com.paxsz.posLink";
    "com.apple.developer.team-identifier" = S33992F5FD;
    "get-task-allow" = 1;
    "keychain-access-groups" =     (
        "S33992F5FD.com.paxsz.posLink"
    );
}', teamID='S33992F5FD', identifier='com.paxsz.posLink', executablePath='<DVTFilePath:0x7f8144ff2230:'/Users/billie/Library/Developer/Xcode/Archives/2021-02-07/posLinkDemo 2021-2-7, 4.07 PM.xcarchive/Products/Applications/posLinkDemo.app/posLinkDemo'>', hardenedRuntime='0'>'>: {
    "application-identifier" = "S33992F5FD.com.paxsz.posLink";
    "com.apple.developer.team-identifier" = S33992F5FD;
    "get-task-allow" = 1;
    "keychain-access-groups" =     (
        "S33992F5FD.com.paxsz.posLink"
    );
}
2021-02-07 08:09:04 +0000  Entitlements for <IDEDistributionItem: 0x7f8126e98740; bundleID='com.paxsz.posLink', path='<DVTFilePath:0x7f814c38ed20:'/Users/billie/Library/Developer/Xcode/Archives/2021-02-07/posLinkDemo 2021-2-7, 4.07 PM.xcarchive/Products/Applications/posLinkDemo.app'>', codeSigningInfo='<_DVTCodeSigningInformation_Path: 0x7f814376cf60; isSigned='1', isAdHocSigned='0', signingCertificate='<DVTSigningCertificate: 0x7f8126c59ad0; name='Apple Development: Billie Ji (2NURYBVPJM)', hash='282A211156384EEE09B694B86E39E5EDE2AD63DC', serialNumber='<DVTSigningCertificateSerialNumber: 0x7f817a0636b0>', certificateKinds='(
    "1.2.840.113635.100.6.1.12",
    "1.2.840.113635.100.6.1.2"
), issueDate='2021-01-13 02:43:55 +0000''>', entitlements='{
    "application-identifier" = "S33992F5FD.com.paxsz.posLink";
    "com.apple.developer.team-identifier" = S33992F5FD;
    "get-task-allow" = 1;
    "keychain-access-groups" =     (
        "S33992F5FD.com.paxsz.posLink"
    );
}', teamID='S33992F5FD', identifier='com.paxsz.posLink', executablePath='<DVTFilePath:0x7f8144ff2230:'/Users/billie/Library/Developer/Xcode/Archives/2021-02-07/posLinkDemo 2021-2-7, 4.07 PM.xcarchive/Products/Applications/posLinkDemo.app/posLinkDemo'>', hardenedRuntime='0'>'> are: {
    "application-identifier" = "S33992F5FD.com.paxsz.posLink";
    "com.apple.developer.team-identifier" = S33992F5FD;
    "get-task-allow" = 1;
    "keychain-access-groups" =     (
        "S33992F5FD.com.paxsz.posLink"
    );
}
2021-02-07 08:09:04 +0000  Writing entitlements for <IDEDistributionItem: 0x7f8126e98740; bundleID='com.paxsz.posLink', path='<DVTFilePath:0x7f814c38ed20:'/Users/billie/Library/Developer/Xcode/Archives/2021-02-07/posLinkDemo 2021-2-7, 4.07 PM.xcarchive/Products/Applications/posLinkDemo.app'>', codeSigningInfo='<_DVTCodeSigningInformation_Path: 0x7f814376cf60; isSigned='1', isAdHocSigned='0', signingCertificate='<DVTSigningCertificate: 0x7f8167b56090; name='Apple Development: Billie Ji (2NURYBVPJM)', hash='282A211156384EEE09B694B86E39E5EDE2AD63DC', serialNumber='<DVTSigningCertificateSerialNumber: 0x7f8141f26a70>', certificateKinds='(
    "1.2.840.113635.100.6.1.12",
    "1.2.840.113635.100.6.1.2"
), issueDate='2021-01-13 02:43:55 +0000''>', entitlements='{
    "application-identifier" = "S33992F5FD.com.paxsz.posLink";
    "com.apple.developer.team-identifier" = S33992F5FD;
    "get-task-allow" = 1;
    "keychain-access-groups" =     (
        "S33992F5FD.com.paxsz.posLink"
    );
}', teamID='S33992F5FD', identifier='com.paxsz.posLink', executablePath='<DVTFilePath:0x7f8144ff2230:'/Users/billie/Library/Developer/Xcode/Archives/2021-02-07/posLinkDemo 2021-2-7, 4.07 PM.xcarchive/Products/Applications/posLinkDemo.app/posLinkDemo'>', hardenedRuntime='0'>'> to: /var/folders/rq/qwhfqd3d6q1dz0wc4lzh_1w80000gq/T/XcodeDistPipeline.~~~TqBbbV/entitlements~~~d8FIdP
2021-02-07 08:09:04 +0000  Running /usr/bin/codesign '-vvv' '--force' '--sign' '282A211156384EEE09B694B86E39E5EDE2AD63DC' '--entitlements' '/var/folders/rq/qwhfqd3d6q1dz0wc4lzh_1w80000gq/T/XcodeDistPipeline.~~~TqBbbV/entitlements~~~d8FIdP' '--preserve-metadata=identifier,flags,runtime' '/var/folders/rq/qwhfqd3d6q1dz0wc4lzh_1w80000gq/T/XcodeDistPipeline.~~~TqBbbV/Root/Payload/posLinkDemo.app'
2021-02-07 08:09:04 +0000  /var/folders/rq/qwhfqd3d6q1dz0wc4lzh_1w80000gq/T/XcodeDistPipeline.~~~TqBbbV/Root/Payload/posLinkDemo.app: replacing existing signature
2021-02-07 08:09:04 +0000  /var/folders/rq/qwhfqd3d6q1dz0wc4lzh_1w80000gq/T/XcodeDistPipeline.~~~TqBbbV/Root/Payload/posLinkDemo.app: signed app bundle with Mach-O universal (armv7 arm64) [com.paxsz.posLink]
2021-02-07 08:09:04 +0000  /usr/bin/codesign exited with 0
2021-02-07 08:09:04 +0000  Processing step: IDEDistributionZipODRItemStep
2021-02-07 08:09:04 +0000  Skipping step: IDEDistributionZipODRItemStep because it said so
2021-02-07 08:09:04 +0000  Processing step: IDEDistributionCreateIPAStep
2021-02-07 08:09:04 +0000  Running /usr/bin/ditto '-V' '-c' '-k' '--norsrc' '/var/folders/rq/qwhfqd3d6q1dz0wc4lzh_1w80000gq/T/XcodeDistPipeline.~~~TqBbbV/Root' '/var/folders/rq/qwhfqd3d6q1dz0wc4lzh_1w80000gq/T/XcodeDistPipeline.~~~TqBbbV/Packages/POSLink.ipa'
2021-02-07 08:09:04 +0000  >>> Copying /var/folders/rq/qwhfqd3d6q1dz0wc4lzh_1w80000gq/T/XcodeDistPipeline.~~~TqBbbV/Root 
2021-02-07 08:09:04 +0000  copying file ./Payload/posLinkDemo.app/_CodeSignature/CodeResources ... 
2021-02-07 08:09:04 +0000  20665 bytes for ./Payload/posLinkDemo.app/_CodeSignature/CodeResources
2021-02-07 08:09:04 +0000  copying file ./Payload/posLinkDemo.app/posLinkDemo ... 
2021-02-07 08:09:04 +0000  2030000 bytes for ./Payload/posLinkDemo.app/posLinkDemo
copying file ./Payload/posLinkDemo.app/btDisconnected.png ... 
2021-02-07 08:09:04 +0000  4269 bytes for ./Payload/posLinkDemo.app/btDisconnected.png
copying file ./Payload/posLinkDemo.app/SignatureDataViewController.nib ... 
5424 bytes for ./Payload/posLinkDemo.app/SignatureDataViewController.nib
copying file ./Payload/posLinkDemo.app/LineItemDetailVC.nib ... 
2021-02-07 08:09:04 +0000  18881 bytes for ./Payload/posLinkDemo.app/LineItemDetailVC.nib
copying file ./Payload/posLinkDemo.app/CommercialCardInfoVC.nib ... 
2021-02-07 08:09:04 +0000  22575 bytes for ./Payload/posLinkDemo.app/CommercialCardInfoVC.nib
copying file ./Payload/posLinkDemo.app/AppIcon29x29~ipad.png ... 
2021-02-07 08:09:04 +0000  3266 bytes for ./Payload/posLinkDemo.app/AppIcon29x29~ipad.png
copying file ./Payload/posLinkDemo.app/ShowReceiptViewController.nib ... 
6287 bytes for ./Payload/posLinkDemo.app/ShowReceiptViewController.nib
copying file ./Payload/posLinkDemo.app/Base.lproj/Main.storyboardc/ssL-EN-PxO-view-e8n-pV-FmN.nib/objects-11.0+.nib ... 
2021-02-07 08:09:04 +0000  33288 bytes for ./Payload/posLinkDemo.app/Base.lproj/Main.storyboardc/ssL-EN-PxO-view-e8n-pV-FmN.nib/objects-11.0+.nib
copying file ./Payload/posLinkDemo.app/Base.lproj/Main.storyboardc/ssL-EN-PxO-view-e8n-pV-FmN.nib/runtime.nib ... 
2021-02-07 08:09:04 +0000  33396 bytes for ./Payload/posLinkDemo.app/Base.lproj/Main.storyboardc/ssL-EN-PxO-view-e8n-pV-FmN.nib/runtime.nib
2021-02-07 08:09:04 +0000  copying file ./Payload/posLinkDemo.app/Base.lproj/Main.storyboardc/T0u-gi-8Uf-view-e39-63-R3F.nib/objects-11.0+.nib ... 
2021-02-07 08:09:04 +0000  41743 bytes for ./Payload/posLinkDemo.app/Base.lproj/Main.storyboardc/T0u-gi-8Uf-view-e39-63-R3F.nib/objects-11.0+.nib
copying file ./Payload/posLinkDemo.app/Base.lproj/Main.storyboardc/T0u-gi-8Uf-view-e39-63-R3F.nib/runtime.nib ... 
2021-02-07 08:09:04 +0000  41738 bytes for ./Payload/posLinkDemo.app/Base.lproj/Main.storyboardc/T0u-gi-8Uf-view-e39-63-R3F.nib/runtime.nib
2021-02-07 08:09:04 +0000  copying file ./Payload/posLinkDemo.app/Base.lproj/Main.storyboardc/DpV-sP-8sn-view-irg-WV-AVt.nib/objects-11.0+.nib ... 
2021-02-07 08:09:04 +0000  19320 bytes for ./Payload/posLinkDemo.app/Base.lproj/Main.storyboardc/DpV-sP-8sn-view-irg-WV-AVt.nib/objects-11.0+.nib
copying file ./Payload/posLinkDemo.app/Base.lproj/Main.storyboardc/DpV-sP-8sn-view-irg-WV-AVt.nib/runtime.nib ... 
2021-02-07 08:09:04 +0000  19447 bytes for ./Payload/posLinkDemo.app/Base.lproj/Main.storyboardc/DpV-sP-8sn-view-irg-WV-AVt.nib/runtime.nib
2021-02-07 08:09:04 +0000  copying file ./Payload/posLinkDemo.app/Base.lproj/Main.storyboardc/batchid.nib/objects-11.0+.nib ... 
1322 bytes for ./Payload/posLinkDemo.app/Base.lproj/Main.storyboardc/batchid.nib/objects-11.0+.nib
copying file ./Payload/posLinkDemo.app/Base.lproj/Main.storyboardc/batchid.nib/runtime.nib ... 
2021-02-07 08:09:04 +0000  1322 bytes for ./Payload/posLinkDemo.app/Base.lproj/Main.storyboardc/batchid.nib/runtime.nib
copying file ./Payload/posLinkDemo.app/Base.lproj/Main.storyboardc/Main.nib/objects-11.0+.nib ... 
2021-02-07 08:09:04 +0000  1091 bytes for ./Payload/posLinkDemo.app/Base.lproj/Main.storyboardc/Main.nib/objects-11.0+.nib
copying file ./Payload/posLinkDemo.app/Base.lproj/Main.storyboardc/Main.nib/runtime.nib ... 
2021-02-07 08:09:04 +0000  1091 bytes for ./Payload/posLinkDemo.app/Base.lproj/Main.storyboardc/Main.nib/runtime.nib
copying file ./Payload/posLinkDemo.app/Base.lproj/Main.storyboardc/zEc-CZ-PYF-view-qjW-rJ-YjF.nib/objects-11.0+.nib ... 
2021-02-07 08:09:04 +0000  27237 bytes for ./Payload/posLinkDemo.app/Base.lproj/Main.storyboardc/zEc-CZ-PYF-view-qjW-rJ-YjF.nib/objects-11.0+.nib
copying file ./Payload/posLinkDemo.app/Base.lproj/Main.storyboardc/zEc-CZ-PYF-view-qjW-rJ-YjF.nib/runtime.nib ... 
2021-02-07 08:09:04 +0000  27261 bytes for ./Payload/posLinkDemo.app/Base.lproj/Main.storyboardc/zEc-CZ-PYF-view-qjW-rJ-YjF.nib/runtime.nib
2021-02-07 08:09:04 +0000  copying file ./Payload/posLinkDemo.app/Base.lproj/Main.storyboardc/m1L-iW-E0d-view-a7y-ar-JsS.nib/objects-11.0+.nib ... 
2021-02-07 08:09:04 +0000  8673 bytes for ./Payload/posLinkDemo.app/Base.lproj/Main.storyboardc/m1L-iW-E0d-view-a7y-ar-JsS.nib/objects-11.0+.nib
2021-02-07 08:09:04 +0000  copying file ./Payload/posLinkDemo.app/Base.lproj/Main.storyboardc/m1L-iW-E0d-view-a7y-ar-JsS.nib/runtime.nib ... 
2021-02-07 08:09:04 +0000  8673 bytes for ./Payload/posLinkDemo.app/Base.lproj/Main.storyboardc/m1L-iW-E0d-view-a7y-ar-JsS.nib/runtime.nib
2021-02-07 08:09:04 +0000  copying file ./Payload/posLinkDemo.app/Base.lproj/Main.storyboardc/UITabBarController-O8a-dt-DSE.nib/objects-11.0+.nib ... 
2021-02-07 08:09:04 +0000  4863 bytes for ./Payload/posLinkDemo.app/Base.lproj/Main.storyboardc/UITabBarController-O8a-dt-DSE.nib/objects-11.0+.nib
copying file ./Payload/posLinkDemo.app/Base.lproj/Main.storyboardc/UITabBarController-O8a-dt-DSE.nib/runtime.nib ... 
2021-02-07 08:09:04 +0000  4866 bytes for ./Payload/posLinkDemo.app/Base.lproj/Main.storyboardc/UITabBarController-O8a-dt-DSE.nib/runtime.nib
copying file ./Payload/posLinkDemo.app/Base.lproj/Main.storyboardc/EIL-hq-EZq-view-Pn9-ez-8PV.nib/objects-11.0+.nib ... 
2021-02-07 08:09:04 +0000  6573 bytes for ./Payload/posLinkDemo.app/Base.lproj/Main.storyboardc/EIL-hq-EZq-view-Pn9-ez-8PV.nib/objects-11.0+.nib
copying file ./Payload/posLinkDemo.app/Base.lproj/Main.storyboardc/EIL-hq-EZq-view-Pn9-ez-8PV.nib/runtime.nib ... 
2021-02-07 08:09:04 +0000  6573 bytes for ./Payload/posLinkDemo.app/Base.lproj/Main.storyboardc/EIL-hq-EZq-view-Pn9-ez-8PV.nib/runtime.nib
2021-02-07 08:09:04 +0000  copying file ./Payload/posLinkDemo.app/Base.lproj/Main.storyboardc/reportid.nib/objects-11.0+.nib ... 
1353 bytes for ./Payload/posLinkDemo.app/Base.lproj/Main.storyboardc/reportid.nib/objects-11.0+.nib
2021-02-07 08:09:04 +0000  copying file ./Payload/posLinkDemo.app/Base.lproj/Main.storyboardc/reportid.nib/runtime.nib ... 
2021-02-07 08:09:04 +0000  1353 bytes for ./Payload/posLinkDemo.app/Base.lproj/Main.storyboardc/reportid.nib/runtime.nib
copying file ./Payload/posLinkDemo.app/Base.lproj/Main.storyboardc/Kwm-UH-s5g-view-fBH-IR-ZOl.nib/objects-11.0+.nib ... 
2021-02-07 08:09:04 +0000  24340 bytes for ./Payload/posLinkDemo.app/Base.lproj/Main.storyboardc/Kwm-UH-s5g-view-fBH-IR-ZOl.nib/objects-11.0+.nib
2021-02-07 08:09:04 +0000  copying file ./Payload/posLinkDemo.app/Base.lproj/Main.storyboardc/Kwm-UH-s5g-view-fBH-IR-ZOl.nib/runtime.nib ... 
2021-02-07 08:09:04 +0000  24350 bytes for ./Payload/posLinkDemo.app/Base.lproj/Main.storyboardc/Kwm-UH-s5g-view-fBH-IR-ZOl.nib/runtime.nib
2021-02-07 08:09:04 +0000  copying file ./Payload/posLinkDemo.app/Base.lproj/Main.storyboardc/newmanageid.nib/objects-11.0+.nib ... 
1385 bytes for ./Payload/posLinkDemo.app/Base.lproj/Main.storyboardc/newmanageid.nib/objects-11.0+.nib
copying file ./Payload/posLinkDemo.app/Base.lproj/Main.storyboardc/newmanageid.nib/runtime.nib ... 
2021-02-07 08:09:04 +0000  1385 bytes for ./Payload/posLinkDemo.app/Base.lproj/Main.storyboardc/newmanageid.nib/runtime.nib
copying file ./Payload/posLinkDemo.app/Base.lproj/Main.storyboardc/Info.plist ... 
2021-02-07 08:09:04 +0000  365 bytes for ./Payload/posLinkDemo.app/Base.lproj/Main.storyboardc/Info.plist
2021-02-07 08:09:04 +0000  copying file ./Payload/posLinkDemo.app/Base.lproj/ExtDataEditing.storyboardc/ZLu-cn-zcG-view-sNA-wE-iuv.nib ... 
2021-02-07 08:09:04 +0000  3439 bytes for ./Payload/posLinkDemo.app/Base.lproj/ExtDataEditing.storyboardc/ZLu-cn-zcG-view-sNA-wE-iuv.nib
copying file ./Payload/posLinkDemo.app/Base.lproj/ExtDataEditing.storyboardc/9Zn-1y-RX6-view-vsx-CQ-aKX.nib ... 
2021-02-07 08:09:04 +0000  7468 bytes for ./Payload/posLinkDemo.app/Base.lproj/ExtDataEditing.storyboardc/9Zn-1y-RX6-view-vsx-CQ-aKX.nib
copying file ./Payload/posLinkDemo.app/Base.lproj/ExtDataEditing.storyboardc/Info.plist ... 
2021-02-07 08:09:04 +0000  197 bytes for ./Payload/posLinkDemo.app/Base.lproj/ExtDataEditing.storyboardc/Info.plist
copying file ./Payload/posLinkDemo.app/Base.lproj/ExtDataEditing.storyboardc/ExtDataEditing.nib ... 
2021-02-07 08:09:04 +0000  2291 bytes for ./Payload/posLinkDemo.app/Base.lproj/ExtDataEditing.storyboardc/ExtDataEditing.nib
copying file ./Payload/posLinkDemo.app/Base.lproj/LaunchScreen.storyboardc/01J-lp-oVM-view-Ze5-6b-2t3.nib ... 
2021-02-07 08:09:04 +0000  1832 bytes for ./Payload/posLinkDemo.app/Base.lproj/LaunchScreen.storyboardc/01J-lp-oVM-view-Ze5-6b-2t3.nib
copying file ./Payload/posLinkDemo.app/Base.lproj/LaunchScreen.storyboardc/UIViewController-01J-lp-oVM.nib ... 
2021-02-07 08:09:04 +0000  896 bytes for ./Payload/posLinkDemo.app/Base.lproj/LaunchScreen.storyboardc/UIViewController-01J-lp-oVM.nib
copying file ./Payload/posLinkDemo.app/Base.lproj/LaunchScreen.storyboardc/Info.plist ... 
2021-02-07 08:09:04 +0000  258 bytes for ./Payload/posLinkDemo.app/Base.lproj/LaunchScreen.storyboardc/Info.plist
copying file ./Payload/posLinkDemo.app/Assets.car ... 
2021-02-07 08:09:04 +0000  1010495 bytes for ./Payload/posLinkDemo.app/Assets.car
2021-02-07 08:09:04 +0000  copying file ./Payload/posLinkDemo.app/posLinkDemo.momd/VersionInfo.plist ... 
159 bytes for ./Payload/posLinkDemo.app/posLinkDemo.momd/VersionInfo.plist
copying file ./Payload/posLinkDemo.app/posLinkDemo.momd/POSLinkDemo.mom ... 
513 bytes for ./Payload/posLinkDemo.app/posLinkDemo.momd/POSLinkDemo.mom
copying file ./Payload/posLinkDemo.app/AppIcon40x40@2x~ipad.png ... 
2021-02-07 08:09:04 +0000  10547 bytes for ./Payload/posLinkDemo.app/AppIcon40x40@2x~ipad.png
copying file ./Payload/posLinkDemo.app/AppIcon76x76@2x~ipad.png ... 
2021-02-07 08:09:04 +0000  23657 bytes for ./Payload/posLinkDemo.app/AppIcon76x76@2x~ipad.png
copying file ./Payload/posLinkDemo.app/AppIcon83.5x83.5@2x~ipad.png ... 
2021-02-07 08:09:04 +0000  27104 bytes for ./Payload/posLinkDemo.app/AppIcon83.5x83.5@2x~ipad.png
2021-02-07 08:09:04 +0000  copying file ./Payload/posLinkDemo.app/PassThruDataViewController.nib ... 
2021-02-07 08:09:04 +0000  18678 bytes for ./Payload/posLinkDemo.app/PassThruDataViewController.nib
copying file ./Payload/posLinkDemo.app/TaxDetailVC.nib ... 
2021-02-07 08:09:04 +0000  12477 bytes for ./Payload/posLinkDemo.app/TaxDetailVC.nib
copying file ./Payload/posLinkDemo.app/AppIcon29x29@2x~ipad.png ... 
2021-02-07 08:09:04 +0000  7257 bytes for ./Payload/posLinkDemo.app/AppIcon29x29@2x~ipad.png
copying file ./Payload/posLinkDemo.app/AppIcon40x40~ipad.png ... 
2021-02-07 08:09:04 +0000  4724 bytes for ./Payload/posLinkDemo.app/AppIcon40x40~ipad.png
copying file ./Payload/posLinkDemo.app/AppIcon20x20~ipad.png ... 
2021-02-07 08:09:04 +0000  2295 bytes for ./Payload/posLinkDemo.app/AppIcon20x20~ipad.png
copying file ./Payload/posLinkDemo.app/embedded.mobileprovision ... 
2021-02-07 08:09:04 +0000  35371 bytes for ./Payload/posLinkDemo.app/embedded.mobileprovision
copying file ./Payload/posLinkDemo.app/AppIcon20x20@2x~ipad.png ... 
2021-02-07 08:09:04 +0000  4724 bytes for ./Payload/posLinkDemo.app/AppIcon20x20@2x~ipad.png
copying file ./Payload/posLinkDemo.app/Info.plist ... 
2021-02-07 08:09:04 +0000  1640 bytes for ./Payload/posLinkDemo.app/Info.plist
copying file ./Payload/posLinkDemo.app/btConnected.png ... 
2021-02-07 08:09:04 +0000  4931 bytes for ./Payload/posLinkDemo.app/btConnected.png
copying file ./Payload/posLinkDemo.app/PkgInfo ... 
2021-02-07 08:09:04 +0000  8 bytes for ./Payload/posLinkDemo.app/PkgInfo
copying file ./Payload/posLinkDemo.app/AppIcon76x76~ipad.png ... 
2021-02-07 08:09:04 +0000  9901 bytes for ./Payload/posLinkDemo.app/AppIcon76x76~ipad.png
2021-02-07 08:09:04 +0000  /usr/bin/ditto exited with 0
2021-02-07 08:09:04 +0000  Processing step: IDEDistributionAppStoreInformationStep
2021-02-07 08:09:04 +0000  Skipping step: IDEDistributionAppStoreInformationStep because it said so
2021-02-07 08:09:04 +0000  Processing step: IDEDistributionGenerateProcessedDistributionItems
2021-02-07 08:09:04 +0000  IDEDistributionItem init <DVTFilePath:0x7f815474bb40:'/var/folders/rq/qwhfqd3d6q1dz0wc4lzh_1w80000gq/T/XcodeDistPipeline.~~~TqBbbV/Root/Payload/posLinkDemo.app'>
2021-02-07 08:09:04 +0000  Processing step: IDEDistributionCreateManifestStep
